<?xml version="1.0" encoding="UTF-8"?>
<!-- Generated by org.testng.reporters.JUnitReportReporter -->
<testsuite skipped="0" hostname="CEI3159" name="stepDefinition.GmailLogin" tests="1" failures="0" timestamp="26 Mar 2019 11:12:24 GMT" time="5.415" errors="0">
  <testcase name="gmailLogin" time="5.415" classname="stepDefinition.GmailLogin"/>
</testsuite> <!-- stepDefinition.GmailLogin -->
