<?xml version="1.0" encoding="UTF-8"?>
<!-- Generated by org.testng.reporters.JUnitReportReporter -->
<testsuite skipped="0" hostname="CEI3159" name="test1ar.test.BrowserTest" tests="1" failures="0" timestamp="31 Dec 2019 08:10:06 GMT" time="11.008" errors="0">
  <testcase name="test" time="11.008" classname="test1ar.test.BrowserTest"/>
</testsuite> <!-- test1ar.test.BrowserTest -->
