<?xml version="1.0" encoding="UTF-8"?>
<!-- Generated by org.testng.reporters.JUnitReportReporter -->
<testsuite skipped="0" hostname="CEI3159" name="com.ceitraining.classFiles.HtmlWriterPgm" tests="1" failures="0" timestamp="05 Apr 2019 11:56:03 GMT" time="0.280" errors="0">
  <testcase name="docReader" time="0.280" classname="com.ceitraining.classFiles.HtmlWriterPgm"/>
</testsuite> <!-- com.ceitraining.classFiles.HtmlWriterPgm -->
