<?xml version="1.0" encoding="UTF-8"?>
<!-- Generated by org.testng.reporters.JUnitReportReporter -->
<testsuite skipped="0" hostname="CEI3159" name="ceiTrainingClass.HtmlWriterPgm" tests="1" failures="0" timestamp="11 Apr 2019 07:11:47 GMT" time="0.232" errors="0">
  <testcase name="docReader" time="0.232" classname="ceiTrainingClass.HtmlWriterPgm"/>
</testsuite> <!-- ceiTrainingClass.HtmlWriterPgm -->
