<?xml version="1.0" encoding="UTF-8"?>
<!-- Generated by org.testng.reporters.JUnitReportReporter -->
<testsuite name="testNGPrograms.TestNGPractise" tests="1" time="0.018" ignored="0" failures="0" timestamp="05 Jan 2022 02:24:41 GMT" skipped="0" hostname="CEI3159" errors="0">
  <testcase name="stringBuffer" time="0.018" classname="testNGPrograms.TestNGPractise"/>
</testsuite> <!-- testNGPrograms.TestNGPractise -->
